<?xml version="1.0" encoding="UTF-8"?>
<testsuite xmlns:xsi="http://www.w3.org/2001/XMLSchema-instance" xsi:noNamespaceSchemaLocation="https://maven.apache.org/surefire/maven-surefire-plugin/xsd/surefire-test-report-3.0.xsd" version="3.0" name="runners.TestRunner" time="5.46" tests="2" errors="2" skipped="0" failures="0">
  <properties>
[...]
</properties>
  <testcase name="As a user, I am able to create and delete an item in DB and check the item in DB" classname="Items Management" time="1.059">
    <error message="Cannot invoke &quot;java.util.Properties.getProperty(String)&quot; because &quot;utilities.DataReader.property&quot; is null" type="java.lang.NullPointerException"><![CDATA[java.lang.NullPointerException: Cannot invoke "java.util.Properties.getProperty(String)" because "utilities.DataReader.property" is null
]]></error>
    <system-out><![CDATA[
@regression @itemsTests @deleteItemInDB
Scenario: As a user, I am able to create and delete an item in DB and check the item in DB &amp#27;[90m# src/test/resources/features/itemManagement.feature:79&amp#27;[0m
This is before hook!
      &amp#27;[31mjava.lang.NullPointerException: Cannot invoke "java.util.Properties.getProperty(String)" because "utilities.DataReader.property" is null
	at utilities.DataReader.getProperty(DataReader.java:24)
	at utilities.Driver.getDriver(Driver.java:28)
	at step_definitions.CommonHooks.setup(CommonHooks.java:18)
&amp#27;[0m
  &amp#27;[36mGiven &amp#27;[0m&amp#27;[36mAs an entity user, I am logged in&amp#27;[0m                                                  &amp#27;[90m# step_definitions.ItemsManagement.as_an_entity_user_i_am_logged_in()&amp#27;[0m
  &amp#27;[36mAnd &amp#27;[0m&amp#27;[36mI navigate to Items tab&amp#27;[0m                                                              &amp#27;[90m# step_definitions.ItemsManagement.i_navigate_to_items_tab()&amp#27;[0m
  &amp#27;[36mWhen &amp#27;[0m&amp#27;[36mI insert a record into database called &amp#27;[0m&amp#27;[36m&amp#27;[1m"Xbox"&amp#27;[0m                                       &amp#27;[90m# step_definitions.ItemsManagement.i_insert_a_record_into_database(java.lang.String)&amp#27;[0m
  &amp#27;[36mThen &amp#27;[0m&amp#27;[36mItem should be listed in the items table on the UI&amp#27;[0m                                  &amp#27;[90m# step_definitions.ItemsManagement.item_should_be_listed_in_the_items_table_on_the_ui()&amp#27;[0m
  &amp#27;[36mWhen &amp#27;[0m&amp#27;[36mI delete the item created above via db&amp#27;[0m                                              &amp#27;[90m# step_definitions.ItemsManagement.i_delete_the_item_created_above_via_db()&amp#27;[0m
  &amp#27;[36mAnd &amp#27;[0m&amp#27;[36mI refresh the page&amp#27;[0m                                                                   &amp#27;[90m# step_definitions.ItemsManagement.i_refresh_the_page()&amp#27;[0m
  &amp#27;[36mThen &amp#27;[0m&amp#27;[36mThe item is no longer in the items list table&amp#27;[0m                                       &amp#27;[90m# step_definitions.ItemsManagement.the_item_is_no_longer_in_the_items_list_table()&amp#27;[0m
This is after hook!
      &amp#27;[31mjava.lang.NullPointerException: Cannot invoke "java.util.Properties.getProperty(String)" because "utilities.DataReader.property" is null
	at utilities.DataReader.getProperty(DataReader.java:24)
	at utilities.Driver.getDriver(Driver.java:28)
	at step_definitions.CommonHooks.teardown(CommonHooks.java:27)
&amp#27;[0m
]]></system-out>
    <system-err><![CDATA[java.io.FileNotFoundException: ./src/resources/variables.properties (No such file or directory)
	at java.base/java.io.FileInputStream.open0(Native Method)
	at java.base/java.io.FileInputStream.open(FileInputStream.java:216)
	at java.base/java.io.FileInputStream.<init>(FileInputStream.java:157)
	at utilities.DataReader.<clinit>(DataReader.java:14)
	at utilities.Driver.getDriver(Driver.java:28)
	at step_definitions.CommonHooks.setup(CommonHooks.java:18)
	at java.base/jdk.internal.reflect.NativeMethodAccessorImpl.invoke0(Native Method)
	at java.base/jdk.internal.reflect.NativeMethodAccessorImpl.invoke(NativeMethodAccessorImpl.java:77)
	at java.base/jdk.internal.reflect.DelegatingMethodAccessorImpl.invoke(DelegatingMethodAccessorImpl.java:43)
	at java.base/java.lang.reflect.Method.invoke(Method.java:568)
	at io.cucumber.java.Invoker.doInvoke(Invoker.java:66)
	at io.cucumber.java.Invoker.invoke(Invoker.java:24)
	at io.cucumber.java.AbstractGlueDefinition.invokeMethod(AbstractGlueDefinition.java:47)
	at io.cucumber.java.JavaHookDefinition.execute(JavaHookDefinition.java:59)
	at io.cucumber.core.runner.CoreHookDefinition.execute(CoreHookDefinition.java:46)
	at io.cucumber.core.runner.HookDefinitionMatch.runStep(HookDefinitionMatch.java:21)
	at io.cucumber.core.runner.ExecutionMode$1.execute(ExecutionMode.java:10)
	at io.cucumber.core.runner.TestStep.executeStep(TestStep.java:92)
	at io.cucumber.core.runner.TestStep.run(TestStep.java:64)
	at io.cucumber.core.runner.TestCase.run(TestCase.java:98)
	at io.cucumber.core.runner.Runner.runPickle(Runner.java:73)
	at io.cucumber.junit.PickleRunners$NoStepDescriptions.run(PickleRunners.java:151)
	at io.cucumber.junit.FeatureRunner.runChild(FeatureRunner.java:135)
	at io.cucumber.junit.FeatureRunner.runChild(FeatureRunner.java:27)
	at org.junit.runners.ParentRunner$4.run(ParentRunner.java:331)
	at org.junit.runners.ParentRunner$1.schedule(ParentRunner.java:79)
	at org.junit.runners.ParentRunner.runChildren(ParentRunner.java:329)
	at org.junit.runners.ParentRunner.access$100(ParentRunner.java:66)
	at org.junit.runners.ParentRunner$2.evaluate(ParentRunner.java:293)
	at org.junit.runners.ParentRunner$3.evaluate(ParentRunner.java:306)
	at org.junit.runners.ParentRunner.run(ParentRunner.java:413)
	at io.cucumber.junit.Cucumber.runChild(Cucumber.java:200)
	at io.cucumber.junit.Cucumber.runChild(Cucumber.java:90)
	at org.junit.runners.ParentRunner$4.run(ParentRunner.java:331)
	at org.junit.runners.ParentRunner$1.schedule(ParentRunner.java:79)
	at org.junit.runners.ParentRunner.runChildren(ParentRunner.java:329)
	at org.junit.runners.ParentRunner.access$100(ParentRunner.java:66)
	at org.junit.runners.ParentRunner$2.evaluate(ParentRunner.java:293)
	at io.cucumber.junit.Cucumber$RunCucumber.evaluate(Cucumber.java:235)
	at org.junit.runners.ParentRunner$3.evaluate(ParentRunner.java:306)
	at org.junit.runners.ParentRunner.run(ParentRunner.java:413)
	at org.apache.maven.surefire.junit4.JUnit4Provider.execute(JUnit4Provider.java:364)
	at org.apache.maven.surefire.junit4.JUnit4Provider.executeWithRerun(JUnit4Provider.java:272)
	at org.apache.maven.surefire.junit4.JUnit4Provider.executeTestSet(JUnit4Provider.java:237)
	at org.apache.maven.surefire.junit4.JUnit4Provider.invoke(JUnit4Provider.java:158)
	at org.apache.maven.surefire.booter.ForkedBooter.runSuitesInProcess(ForkedBooter.java:428)
	at org.apache.maven.surefire.booter.ForkedBooter.execute(ForkedBooter.java:162)
	at org.apache.maven.surefire.booter.ForkedBooter.run(ForkedBooter.java:562)
	at org.apache.maven.surefire.booter.ForkedBooter.main(ForkedBooter.java:548)
]]></system-err>
  </testcase>
  <testcase name="As a user, I am able to create and delete an item in DB and check the item in DB" classname="Items Management" time="1.086">
    <error message="Cannot invoke &quot;java.util.Properties.getProperty(String)&quot; because &quot;utilities.DataReader.property&quot; is null" type="java.lang.NullPointerException"><![CDATA[java.lang.NullPointerException: Cannot invoke "java.util.Properties.getProperty(String)" because "utilities.DataReader.property" is null
]]></error>
  </testcase>
</testsuite>